Mplus VERSION 8.6 (Mac)
MUTHEN & MUTHEN
01/30/2023  12:11 PM

INPUT INSTRUCTIONS

  TITLE:
  Class-3 LCA Enumeration - Youth Coping Strategies
  DATA:
  FILE = "/Users/agarber/local_repos/BD-R-Code/enum_mplus/c_lca_enum_bd.dat";

  VARIABLE:
  NAMES = id FEMALE studraw ETHN_CMP do1 do2 do3 do4 do5 do6 do7 psolv1 psolv2 psolv3
       psolv4 psolv5 psolv6 psolv7 psolv8 SOC_STRS BOTHR_U negmood1 posmood1;
   MISSING=.;
   categorical = do1 do2 do3 do5 do6; !!! Coping strategy items for measurement model !!!
  usevar = do1 do2 do3 do5 do6;

  classes = c(3);
  auxiliary = SOC_STRS (r3step);

  ANALYSIS:
  estimator = mlr;
       !optseed = 458733;
       type = mixture;
       starts = 500 100;
       processors=10;
  OUTPUT:
  sampstat tech11 tech14;
  PLOT:
  type = plot3;
       series = do1 do2 do3 do5 do6(*);



*** WARNING in OUTPUT command
  SAMPSTAT option is not available when all outcomes are censored, ordered
  categorical, unordered categorical (nominal), count or continuous-time
  survival variables.  Request for SAMPSTAT is ignored.
*** WARNING
  Data set contains cases with missing on all variables.
  These cases were not included in the analysis.
  Number of cases with missing on all variables:  143
   2 WARNING(S) FOUND IN THE INPUT INSTRUCTIONS




Class-3 LCA Enumeration - Youth Coping Strategies

SUMMARY OF ANALYSIS

Number of groups                                                 1
Number of observations                                         446

Number of dependent variables                                    5
Number of independent variables                                  0
Number of continuous latent variables                            0
Number of categorical latent variables                           1

Observed dependent variables

  Binary and ordered categorical (ordinal)
   DO1         DO2         DO3         DO5         DO6

Observed auxiliary variables
   SOC_STRS

Categorical latent variables
   C


Estimator                                                      MLR
Information matrix                                        OBSERVED
Optimization Specifications for the Quasi-Newton Algorithm for
Continuous Outcomes
  Maximum number of iterations                                 100
  Convergence criterion                                  0.100D-05
Optimization Specifications for the EM Algorithm
  Maximum number of iterations                                 500
  Convergence criteria
    Loglikelihood change                                 0.100D-06
    Relative loglikelihood change                        0.100D-06
    Derivative                                           0.100D-05
Optimization Specifications for the M step of the EM Algorithm for
Categorical Latent variables
  Number of M step iterations                                    1
  M step convergence criterion                           0.100D-05
  Basis for M step termination                           ITERATION
Optimization Specifications for the M step of the EM Algorithm for
Censored, Binary or Ordered Categorical (Ordinal), Unordered
Categorical (Nominal) and Count Outcomes
  Number of M step iterations                                    1
  M step convergence criterion                           0.100D-05
  Basis for M step termination                           ITERATION
  Maximum value for logit thresholds                            15
  Minimum value for logit thresholds                           -15
  Minimum expected cell size for chi-square              0.100D-01
Maximum number of iterations for H1                           2000
Convergence criterion for H1                             0.100D-03
Optimization algorithm                                         EMA
Random Starts Specifications
  Number of initial stage random starts                        500
  Number of final stage optimizations                          100
  Number of initial stage iterations                            10
  Initial stage convergence criterion                    0.100D+01
  Random starts scale                                    0.500D+01
  Random seed for generating random starts                       0
Link                                                         LOGIT

Input data file(s)
  /Users/agarber/local_repos/BD-R-Code/enum_mplus/c_lca_enum_bd.dat
Input data format  FREE


SUMMARY OF DATA

     Number of missing data patterns             4
     Number of y missing data patterns           0
     Number of u missing data patterns           4


COVARIANCE COVERAGE OF DATA

Minimum covariance coverage value   0.100


     PROPORTION OF DATA PRESENT FOR U


           Covariance Coverage
              DO1           DO2           DO3           DO5           DO6
              ________      ________      ________      ________      ________
 DO1            1.000
 DO2            1.000         1.000
 DO3            0.996         0.996         0.996
 DO5            0.998         0.998         0.993         0.998
 DO6            0.996         0.996         0.991         0.993         0.996


UNIVARIATE PROPORTIONS AND COUNTS FOR CATEGORICAL VARIABLES

    DO1
      Category 1    0.507          226.000
      Category 2    0.493          220.000
    DO2
      Category 1    0.913          407.000
      Category 2    0.087           39.000
    DO3
      Category 1    0.484          215.000
      Category 2    0.516          229.000
    DO5
      Category 1    0.485          216.000
      Category 2    0.515          229.000
    DO6
      Category 1    0.775          344.000
      Category 2    0.225          100.000


RANDOM STARTS RESULTS RANKED FROM THE BEST TO THE WORST LOGLIKELIHOOD VALUES

Final stage loglikelihood values at local maxima, seeds, and initial stage start numbers:

           -1249.154  696773           80
           -1249.154  82357            339
           -1249.154  268896           124
           -1249.154  168762           200
           -1249.154  132336           362
           -1249.154  567165           319
           -1249.154  830392           35
           -1249.154  418686           338
           -1249.154  344422           296
           -1249.154  780698           337
           -1249.154  458181           189
           -1249.154  915107           54
           -1249.154  903369           134
           -1249.154  359578           458
           -1249.154  268217           83
           -1249.154  375590           438
           -1249.154  900268           327
           -1249.154  370466           41
           -1249.154  107446           12
           -1249.154  655497           376
           -1249.154  437181           135
           -1249.154  443917           60
           -1249.154  563002           360
           -1249.154  112586           494
           -1249.154  462953           7
           -1249.154  372176           23
           -1249.154  49221            254
           -1249.154  440841           118
           -1249.154  484501           163
           -1249.154  862607           468
           -1249.154  971693           470
           -1249.154  642909           251
           -1249.154  931874           141
           -1249.154  568405           233
           -1249.154  25127            107
           -1249.154  922042           492
           -1249.154  851945           18
           -1249.154  926797           406
           -1249.154  794236           127
           -1249.154  635245           121
           -1249.154  701525           239
           -1249.154  246575           291
           -1249.154  301180           236
           -1249.154  317640           437
           -1249.154  315029           471
           -1249.154  769907           457
           -1249.154  298275           418
           -1249.154  392407           221
           -1249.154  872743           374
           -1249.154  587946           120
           -1249.154  871722           355
           -1249.154  425982           485
           -1251.858  329127           185

47 perturbed starting value run(s) did not converge or were rejected in the third stage.



THE BEST LOGLIKELIHOOD VALUE HAS BEEN REPLICATED.  RERUN WITH AT LEAST TWICE THE
RANDOM STARTS TO CHECK THAT THE BEST LOGLIKELIHOOD IS STILL OBTAINED AND REPLICATED.

     IN THE OPTIMIZATION, ONE OR MORE LOGIT THRESHOLDS APPROACHED EXTREME VALUES
     OF -15.000 AND 15.000 AND WERE FIXED TO STABILIZE MODEL ESTIMATION.  THESE
     VALUES IMPLY PROBABILITIES OF 0 AND 1.  IN THE MODEL RESULTS SECTION, THESE
     PARAMETERS HAVE 0 STANDARD ERRORS AND 999 IN THE Z-SCORE AND P-VALUE COLUMNS.




THE MODEL ESTIMATION TERMINATED NORMALLY



MODEL FIT INFORMATION

Number of Free Parameters                       17

Loglikelihood

          H0 Value                       -1249.154
          H0 Scaling Correction Factor      1.1068
            for MLR

Information Criteria

          Akaike (AIC)                    2532.309
          Bayesian (BIC)                  2602.014
          Sample-Size Adjusted BIC        2548.063
            (n* = (n + 2) / 24)

Chi-Square Test of Model Fit for the Binary and Ordered Categorical
(Ordinal) Outcomes

          Pearson Chi-Square

          Value                             16.384
          Degrees of Freedom                    14
          P-Value                           0.2905

          Likelihood Ratio Chi-Square

          Value                             18.195
          Degrees of Freedom                    14
          P-Value                           0.1980

Chi-Square Test for MCAR under the Unrestricted Latent Class Indicator Model

          Pearson Chi-Square

          Value                             22.851
          Degrees of Freedom                    45
          P-Value                           0.9976

          Likelihood Ratio Chi-Square

          Value                             16.170
          Degrees of Freedom                    45
          P-Value                           1.0000



FINAL CLASS COUNTS AND PROPORTIONS FOR THE LATENT CLASSES
BASED ON THE ESTIMATED MODEL

    Latent
   Classes

       1         23.55459          0.05281
       2        283.67231          0.63604
       3        138.77310          0.31115


FINAL CLASS COUNTS AND PROPORTIONS FOR THE LATENT CLASSES
BASED ON ESTIMATED POSTERIOR PROBABILITIES

    Latent
   Classes

       1         23.55459          0.05281
       2        283.67231          0.63604
       3        138.77310          0.31115


FINAL CLASS COUNTS AND PROPORTIONS FOR THE LATENT CLASSES
BASED ON THEIR MOST LIKELY LATENT CLASS MEMBERSHIP

Class Counts and Proportions

    Latent
   Classes

       1               28          0.06278
       2              257          0.57623
       3              161          0.36099


CLASSIFICATION QUALITY

     Entropy                         0.722


Average Latent Class Probabilities for Most Likely Latent Class Membership (Row)
by Latent Class (Column)

           1        2        3

    1   0.841    0.148    0.011
    2   0.000    0.933    0.067
    3   0.000    0.247    0.753


Classification Probabilities for the Most Likely Latent Class Membership (Column)
by Latent Class (Row)

           1        2        3

    1   1.000    0.000    0.000
    2   0.015    0.845    0.140
    3   0.002    0.124    0.874


Logits for the Classification Probabilities for the Most Likely Latent Class Membership (Column)
by Latent Class (Row)

              1        2        3

    1     13.816    0.000    0.000
    2     -2.261    1.797    0.000
    3     -6.002   -1.950    0.000


MODEL RESULTS

                                                    Two-Tailed
                    Estimate       S.E.  Est./S.E.    P-Value

Latent Class 1

 Thresholds
    DO1$1              0.453      0.857      0.528      0.597
    DO2$1            -15.000      0.000    999.000    999.000
    DO3$1             -1.184      1.275     -0.929      0.353
    DO5$1            -15.000      0.000    999.000    999.000
    DO6$1             -0.375      0.884     -0.424      0.672

Latent Class 2

 Thresholds
    DO1$1             -0.534      0.236     -2.260      0.024
    DO2$1              3.915      3.120      1.255      0.210
    DO3$1             -0.567      0.313     -1.814      0.070
    DO5$1             -0.894      0.343     -2.604      0.009
    DO6$1              1.131      0.212      5.343      0.000

Latent Class 3

 Thresholds
    DO1$1              1.205      0.515      2.340      0.019
    DO2$1              2.566      0.480      5.347      0.000
    DO3$1              1.250      0.454      2.752      0.006
    DO5$1              3.432      5.835      0.588      0.556
    DO6$1              1.954      0.444      4.399      0.000

Categorical Latent Variables

 Means
    C#1               -1.774      0.538     -3.299      0.001
    C#2                0.715      0.629      1.136      0.256


QUALITY OF NUMERICAL RESULTS

     Condition Number for the Information Matrix              0.534E-03
       (ratio of smallest to largest eigenvalue)


RESULTS IN PROBABILITY SCALE

                                                    Two-Tailed
                    Estimate       S.E.  Est./S.E.    P-Value

Latent Class 1

 DO1
    Category 1         0.611      0.204      3.002      0.003
    Category 2         0.389      0.204      1.909      0.056
 DO2
    Category 1         0.000      0.000      0.000      1.000
    Category 2         1.000      0.000      0.000      1.000
 DO3
    Category 1         0.234      0.229      1.025      0.306
    Category 2         0.766      0.229      3.347      0.001
 DO5
    Category 1         0.000      0.000      0.000      1.000
    Category 2         1.000      0.000      0.000      1.000
 DO6
    Category 1         0.407      0.213      1.908      0.056
    Category 2         0.593      0.213      2.776      0.006

Latent Class 2

 DO1
    Category 1         0.370      0.055      6.710      0.000
    Category 2         0.630      0.055     11.449      0.000
 DO2
    Category 1         0.980      0.060     16.391      0.000
    Category 2         0.020      0.060      0.327      0.744
 DO3
    Category 1         0.362      0.072      5.015      0.000
    Category 2         0.638      0.072      8.841      0.000
 DO5
    Category 1         0.290      0.071      4.103      0.000
    Category 2         0.710      0.071     10.033      0.000
 DO6
    Category 1         0.756      0.039     19.364      0.000
    Category 2         0.244      0.039      6.251      0.000

Latent Class 3

 DO1
    Category 1         0.769      0.091      8.422      0.000
    Category 2         0.231      0.091      2.524      0.012
 DO2
    Category 1         0.929      0.032     29.207      0.000
    Category 2         0.071      0.032      2.243      0.025
 DO3
    Category 1         0.777      0.079      9.886      0.000
    Category 2         0.223      0.079      2.833      0.005
 DO5
    Category 1         0.969      0.177      5.475      0.000
    Category 2         0.031      0.177      0.177      0.860
 DO6
    Category 1         0.876      0.048     18.139      0.000
    Category 2         0.124      0.048      2.571      0.010


LATENT CLASS INDICATOR ODDS RATIOS FOR THE LATENT CLASSES

                                                95% C.I.
                    Estimate       S.E.  Lower 2.5% Upper 2.5%

Latent Class 1 Compared to Latent Class 2

 DO1
    Category > 1       0.373      0.310      0.073      1.905
 DO2
    Category > 1   *********      0.000  *********  *********
 DO3
    Category > 1       1.853      2.696      0.107     32.103
 DO5
    Category > 1   *********      0.000  *********  *********
 DO6
    Category > 1       4.506      4.364      0.675     30.076

Latent Class 1 Compared to Latent Class 3

 DO1
    Category > 1       2.122      1.716      0.435     10.355
 DO2
    Category > 1   *********      0.000  *********  *********
 DO3
    Category > 1      11.397     16.654      0.650    199.803
 DO5
    Category > 1   *********      0.000  *********  *********
 DO6
    Category > 1      10.263     10.079      1.497     70.348

Latent Class 2 Compared to Latent Class 3

 DO1
    Category > 1       5.693      2.649      2.287     14.173
 DO2
    Category > 1       0.260      0.888      0.000    211.823
 DO3
    Category > 1       6.151      2.661      2.634     14.363
 DO5
    Category > 1      75.660    432.940      0.001  *********
 DO6
    Category > 1       2.278      1.263      0.768      6.755


TESTS OF CATEGORICAL LATENT VARIABLE MULTINOMIAL LOGISTIC REGRESSIONS USING
THE 3-STEP PROCEDURE

                                                    Two-Tailed
                    Estimate       S.E.  Est./S.E.    P-Value

 C#1      ON
    SOC_STRS          -1.867      0.591     -3.161      0.002

 C#2      ON
    SOC_STRS          -1.262      0.456     -2.769      0.006

 Intercepts
    C#1               -0.425      0.483     -0.881      0.378
    C#2                1.701      0.426      3.996      0.000

Parameterization using Reference Class 1

 C#2      ON
    SOC_STRS           0.605      0.478      1.265      0.206

 C#3      ON
    SOC_STRS           1.867      0.591      3.161      0.002

 Intercepts
    C#2                2.126      0.338      6.294      0.000
    C#3                0.425      0.483      0.881      0.378

Parameterization using Reference Class 2

 C#1      ON
    SOC_STRS          -0.605      0.478     -1.265      0.206

 C#3      ON
    SOC_STRS           1.262      0.456      2.769      0.006

 Intercepts
    C#1               -2.126      0.338     -6.294      0.000
    C#3               -1.701      0.426     -3.996      0.000


ODDS RATIOS FOR TESTS OF CATEGORICAL LATENT VARIABLE MULTINOMIAL LOGISTIC REGRESSIONS
USING THE 3-STEP PROCEDURE

                                                95% C.I.
                    Estimate       S.E. Lower 2.5% Upper 2.5%

 C#1      ON
    SOC_STRS           0.155      0.091      0.049      0.492

 C#2      ON
    SOC_STRS           0.283      0.129      0.116      0.692


Parameterization using Reference Class 1

 C#2      ON
    SOC_STRS           1.831      0.875      0.717      4.673

 C#3      ON
    SOC_STRS           6.468      3.820      2.033     20.585

Parameterization using Reference Class 2

 C#1      ON
    SOC_STRS           0.546      0.261      0.214      1.394

 C#3      ON
    SOC_STRS           3.533      1.610      1.446      8.631


TECHNICAL 11 OUTPUT

     Random Starts Specifications for the k-1 Class Analysis Model
        Number of initial stage random starts                 500
        Number of final stage optimizations                   100



     VUONG-LO-MENDELL-RUBIN LIKELIHOOD RATIO TEST FOR 2 (H0) VERSUS 3 CLASSES

          H0 Loglikelihood Value                        -1259.240
          2 Times the Loglikelihood Difference             20.171
          Difference in the Number of Parameters                6
          Mean                                              8.634
          Standard Deviation                               11.389
          P-Value                                          0.1197

     LO-MENDELL-RUBIN ADJUSTED LRT TEST

          Value                                            19.635
          P-Value                                          0.1254


TECHNICAL 14 OUTPUT

     Random Starts Specifications for the k-1 Class Analysis Model
        Number of initial stage random starts                 500
        Number of final stage optimizations                   100

     Random Starts Specification for the k-1 Class Model for Generated Data
        Number of initial stage random starts                   0
        Number of final stage optimizations for the
           initial stage random starts                          0
     Random Starts Specification for the k Class Model for Generated Data
        Number of initial stage random starts                  40
        Number of final stage optimizations                     8
     Number of bootstrap draws requested                   Varies


     PARAMETRIC BOOTSTRAPPED LIKELIHOOD RATIO TEST FOR 2 (H0) VERSUS 3 CLASSES

          H0 Loglikelihood Value                        -1259.240
          2 Times the Loglikelihood Difference             20.171
          Difference in the Number of Parameters                6
          Approximate P-Value                              0.0000
          Successful Bootstrap Draws                           49


PLOT INFORMATION

The following plots are available:

  Histograms (sample values)
  Scatterplots (sample values)
  Sample proportions and estimated probabilities

     Beginning Time:  12:11:05
        Ending Time:  12:11:53
       Elapsed Time:  00:00:48



MUTHEN & MUTHEN
3463 Stoner Ave.
Los Angeles, CA  90066

Tel: (310) 391-9971
Fax: (310) 391-8971
Web: www.StatModel.com
Support: Support@StatModel.com

Copyright (c) 1998-2021 Muthen & Muthen
